<?xml version="1.0" encoding="UTF-8"?>
<!-- Generated by org.testng.reporters.JUnitXMLReporter -->
<testsuite ignored="4" hostname="DESKTOP-2O1IECR" failures="0" tests="2" name="Test-Runner-2" time="21.959" errors="0" timestamp="2023-03-31T11:49:30 IST">
  <testcase classname="vtiger.GenericUtilities.BaseClass" name="@BeforeMethod bmconfig" time="0.002">
    <failure type="java.lang.NullPointerException" message="Cannot invoke &amp;quot;org.openqa.selenium.SearchContext.findElement(org.openqa.selenium.By)&amp;quot; because &amp;quot;this.searchContext&amp;quot; is null">
      <![CDATA[java.lang.NullPointerException: Cannot invoke "org.openqa.selenium.SearchContext.findElement(org.openqa.selenium.By)" because "this.searchContext" is null
at org.openqa.selenium.support.pagefactory.DefaultElementLocator.findElement(DefaultElementLocator.java:70)
at org.openqa.selenium.support.pagefactory.internal.LocatingElementHandler.invoke(LocatingElementHandler.java:39)
at jdk.proxy2/jdk.proxy2.$Proxy20.sendKeys(Unknown Source)
at vtiger.ObjectRepository.LoginPage.loginToApp(LoginPage.java:48)
at vtiger.GenericUtilities.BaseClass.bmconfig(BaseClass.java:72)
at java.base/java.util.ArrayList.forEach(ArrayList.java:1511)
at java.base/java.util.concurrent.FutureTask.run(FutureTask.java:264)
at java.base/java.util.concurrent.ThreadPoolExecutor.runWorker(ThreadPoolExecutor.java:1136)
at java.base/java.util.concurrent.ThreadPoolExecutor$Worker.run(ThreadPoolExecutor.java:635)
at java.base/java.lang.Thread.run(Thread.java:833)
... Removed 22 stack frames]]>
    </failure>
  </testcase> <!-- @BeforeMethod bmconfig -->
  <testcase classname="vtiger.GenericUtilities.BaseClass" name="@AfterMethod amconfig" time="-1.680243570546E9">
    <skipped/>
  </testcase> <!-- @AfterMethod amconfig -->
  <testcase classname="vtiger.Contact.tests.CreateAContactTest" name="CreateContactTest" time="12.955"/>
  <testcase classname="vtiger.Organization.tests.CreateOrganizationtest" name="CreateOrgTest" time="0.0">
    <skipped/>
  </testcase> <!-- CreateOrgTest -->
  <testcase classname="vtiger.GenericUtilities.BaseClass" name="@AfterTest acconfig" time="0.0">
    <ignored/>
  </testcase> <!-- @AfterTest acconfig -->
  <testcase classname="vtiger.GenericUtilities.BaseClass" name="@BeforeTest bcconfig" time="0.0">
    <ignored/>
  </testcase> <!-- @BeforeTest bcconfig -->
  <testcase classname="vtiger.GenericUtilities.BaseClass" name="@AfterSuite asConfig" time="0.0">
    <ignored/>
  </testcase> <!-- @AfterSuite asConfig -->
  <testcase classname="vtiger.GenericUtilities.BaseClass" name="@BeforeSuite bsConfig" time="0.0">
    <ignored/>
  </testcase> <!-- @BeforeSuite bsConfig -->
</testsuite> <!-- Test-Runner-2 -->
